[2014-06-22 21:10:11] START
[2014-06-22 21:11:14] CREATE v2.py: 0
[2014-06-22 21:11:31] EDIT custom_mongodb_broker/controllers/v2.py: 57
[2014-06-22 21:12:14] CREATE v2/catalog.html: 0
[2014-06-22 21:12:28] CREATE v2/service_instances.html: 0
[2014-06-22 21:12:44] EDIT custom_mongodb_broker/views/v2/catalog.html: -2
[2014-06-22 21:13:04] EDIT custom_mongodb_broker/views/v2/service_instances.html: -2
[2014-06-22 21:13:49] EDIT custom_mongodb_broker/controllers/v2.py: 0
[2014-06-22 21:25:45] EDIT custom_mongodb_broker/controllers/v2.py: -14
[2014-06-22 21:28:33] EDIT custom_mongodb_broker/models/db.py: 1
[2014-06-22 22:01:28] EDIT custom_mongodb_broker/controllers/v2.py: 0
[2014-06-23 15:49:48] EDIT custom_mongodb_broker/controllers/v2.py: 2
[2014-06-23 16:11:36] EDIT custom_mongodb_broker/controllers/v2.py: 0
[2014-06-23 16:49:15] EDIT custom_mongodb_broker/controllers/v2.py: 7
[2014-06-23 17:17:59] EDIT custom_mongodb_broker/controllers/v2.py: 0
[2014-06-23 17:18:41] EDIT custom_mongodb_broker/controllers/v2.py: 0
[2014-06-23 17:21:28] EDIT custom_mongodb_broker/controllers/v2.py: 0
[2014-06-23 17:27:53] EDIT custom_mongodb_broker/controllers/v2.py: 9
[2014-06-23 17:39:31] EDIT custom_mongodb_broker/controllers/v2.py: 0
[2014-06-23 22:56:48] EDIT custom_mongodb_broker/controllers/v2.py: 1
[2014-06-23 23:03:25] EDIT custom_mongodb_broker/controllers/v2.py: 0
[2014-07-04 11:46:54] EDIT sco_broker/controllers/v2.py: 3
[2014-07-04 11:53:20] EDIT sco_broker/controllers/v2.py: 13
[2014-07-04 11:54:41] EDIT sco_broker/controllers/v2.py: 0
[2014-07-04 11:55:21] EDIT sco_broker/controllers/v2.py: 0
[2014-07-04 12:31:50] EDIT sco_broker/controllers/v2.py: 0
[2014-07-04 12:32:07] EDIT sco_broker/controllers/v2.py: 1
[2014-07-04 13:12:35] EDIT sco_broker/controllers/v2.py: 2
[2014-07-04 13:15:12] EDIT sco_broker/controllers/v2.py: 0
[2014-07-04 15:11:26] EDIT sco_broker/controllers/v2.py: 0
[2014-07-04 15:25:43] EDIT sco_broker/controllers/v2.py: 1
[2014-07-04 15:42:22] EDIT sco_broker/controllers/v2.py: -23
[2014-07-04 15:42:55] EDIT sco_broker/controllers/v2.py: 0
[2014-07-04 15:43:34] EDIT sco_broker/controllers/v2.py: 0
[2014-07-04 15:43:55] EDIT sco_broker/controllers/v2.py: 0
[2014-07-04 15:45:11] EDIT sco_broker/controllers/v2.py: 0
[2014-07-04 15:46:31] EDIT sco_broker/controllers/v2.py: -3
[2014-07-04 15:47:43] EDIT sco_broker/controllers/v2.py: -1
[2014-07-04 15:48:14] EDIT sco_broker/controllers/v2.py: 0
[2014-07-04 16:00:18] EDIT sco_broker/controllers/v2.py: 0
[2014-07-04 16:01:43] EDIT sco_broker/controllers/v2.py: 0
[2014-07-04 17:17:27] EDIT sco_broker/controllers/v2.py: 0
